<?xml version="1.0" encoding="UTF-8"?>
<testng-results ignored="0" total="1" passed="1" failed="0" skipped="0">
  <reporter-output>
  </reporter-output>
  <suite started-at="2024-02-01T01:04:10 COT" name="Suite" finished-at="2024-02-01T01:04:13 COT" duration-ms="3640">
    <groups>
    </groups>
    <test started-at="2024-02-01T01:04:10 COT" name="Test" finished-at="2024-02-01T01:04:13 COT" duration-ms="3640">
      <class name="tests.SearchText">
        <test-method is-config="true" signature="beforeMethod()[pri:0, instance:tests.SearchText@70e9c95d]" started-at="2024-02-01T01:04:10 COT" name="beforeMethod" finished-at="2024-02-01T01:04:12 COT" duration-ms="2146" status="PASS">
          <reporter-output>
          </reporter-output>
        </test-method> <!-- beforeMethod -->
        <test-method signature="searchText(java.lang.String)[pri:0, instance:tests.SearchText@70e9c95d]" started-at="2024-02-01T01:04:12 COT" name="searchText" data-provider="data" finished-at="2024-02-01T01:04:13 COT" duration-ms="1365" status="PASS">
          <params>
            <param index="0">
              <value>
                <![CDATA[globant]]>
              </value>
            </param>
          </params>
          <reporter-output>
          </reporter-output>
        </test-method> <!-- searchText -->
        <test-method is-config="true" signature="afterMethod()[pri:0, instance:tests.SearchText@70e9c95d]" started-at="2024-02-01T01:04:13 COT" name="afterMethod" finished-at="2024-02-01T01:04:13 COT" duration-ms="86" status="PASS">
          <reporter-output>
          </reporter-output>
        </test-method> <!-- afterMethod -->
      </class> <!-- tests.SearchText -->
    </test> <!-- Test -->
  </suite> <!-- Suite -->
</testng-results>
